C:\Program Files (x86)\Microsoft Visual Studio\2019\Community\MSBuild\Microsoft\VC\v160\Microsoft.CppBuild.targets(477,5): warning MSB8004: Le répertoire Output ne se termine pas par une barre oblique finale. Cette instance de build ajoutera une barre oblique, comme requis, pour permettre l'évaluation correcte du répertoire Output.
  Chrono.cpp
C:\Users\ugola\Documents\Repos\Secret-Defense\Logiciel\source\Chrono.cpp(14,67): warning C4244: 'argument' : conversion de 'T' en 'T', perte possible de données
          with
          [
              T=unsigned int
          ]
          and
          [
              T=float
          ]
C:\Users\ugola\Documents\Repos\Secret-Defense\Logiciel\source\Chrono.cpp(18,62): warning C4244: 'argument' : conversion de 'T' en 'float', perte possible de données
          with
          [
              T=unsigned int
          ]
  testMiniJeu.cpp
C:\Users\ugola\Documents\Repos\Secret-Defense\Logiciel\source\testMiniJeu.cpp(11,71): warning C4244: 'argument' : conversion de 'T' en 'float', perte possible de données
          with
          [
              T=unsigned int
          ]
C:\Users\ugola\Documents\Repos\Secret-Defense\Logiciel\source\testMiniJeu.cpp(11,46): warning C4244: 'argument' : conversion de 'T' en 'float', perte possible de données
          with
          [
              T=unsigned int
          ]
  Génération de code en cours...
  Secret.vcxproj -> C:\Users\ugola\Documents\Repos\Secret-Defense\Logiciel\bin\Secret.exe
